<?xml version="1.0" encoding="UTF-8"?>
<!-- Generated by org.testng.reporters.JUnitXMLReporter -->
<testsuite ignored="0" hostname="TVDI-027" failures="0" tests="6" name="Default test" time="18.844" errors="0" timestamp="2023-05-29T14:51:59 IST">
  <testcase classname="org.test.Authors" name="getAuthors" time="12.144"/>
  <testcase classname="org.test.Authors" name="postAuthors" time="1.318"/>
  <testcase classname="org.test.Authors" name="getAuthorsByBookId" time="1.206"/>
  <testcase classname="org.test.Authors" name="getAuthorsById" time="1.229"/>
  <testcase classname="org.test.Authors" name="putAuthorsById" time="1.11"/>
  <testcase classname="org.test.Authors" name="deleteActivitiesById" time="0.977"/>
</testsuite> <!-- Default test -->
