<?xml version="1.0" encoding="UTF-8"?>
<!-- Generated by org.testng.reporters.JUnitXMLReporter -->
<testsuite ignored="0" hostname="TVDI-027" failures="0" tests="5" name="Default test" time="16.687" errors="0" timestamp="2023-05-30T14:56:55 IST">
  <testcase classname="org.test.Users" name="getUsers" time="11.18"/>
  <testcase classname="org.test.Users" name="postUsers" time="1.115"/>
  <testcase classname="org.test.Users" name="getUsersById" time="1.052"/>
  <testcase classname="org.test.Users" name="putUsersById" time="1.111"/>
  <testcase classname="org.test.Users" name="deleteUsersById" time="1.031"/>
</testsuite> <!-- Default test -->
