<?xml version="1.0" encoding="UTF-8"?>
<!-- Generated by org.testng.reporters.JUnitXMLReporter -->
<testsuite ignored="0" hostname="TVDI-027" failures="0" tests="11" name="Test" time="23.102" errors="0" timestamp="2023-05-29T14:54:38 IST">
  <testcase classname="org.test.Activities" name="getActivities" time="10.172"/>
  <testcase classname="org.test.Activities" name="postActivities" time="1.52"/>
  <testcase classname="org.test.Activities" name="getActivitiesById" time="1.205"/>
  <testcase classname="org.test.Activities" name="putActivitiesById" time="1.007"/>
  <testcase classname="org.test.Activities" name="deleteActivitiesById" time="1.018"/>
  <testcase classname="org.test.Authors" name="getAuthors" time="2.202"/>
  <testcase classname="org.test.Authors" name="postAuthors" time="0.996"/>
  <testcase classname="org.test.Authors" name="getAuthorsByBookId" time="0.965"/>
  <testcase classname="org.test.Authors" name="getAuthorsById" time="0.979"/>
  <testcase classname="org.test.Authors" name="putAuthorsById" time="0.989"/>
  <testcase classname="org.test.Authors" name="deleteActivitiesById" time="1.018"/>
</testsuite> <!-- Test -->
