<?xml version="1.0" encoding="UTF-8"?>
<!-- Generated by org.testng.reporters.JUnitXMLReporter -->
<testsuite ignored="0" hostname="TVDI-027" failures="0" tests="27" name="Test" time="43.868" errors="0" timestamp="2023-05-30T16:32:43 IST">
  <testcase classname="org.test.Activities" name="getActivities" time="12.345"/>
  <testcase classname="org.test.Activities" name="postActivities" time="1.208"/>
  <testcase classname="org.test.Activities" name="getActivitiesById" time="0.998"/>
  <testcase classname="org.test.Activities" name="putActivitiesById" time="1.0"/>
  <testcase classname="org.test.Activities" name="deleteActivitiesById" time="0.939"/>
  <testcase classname="org.test.Authors" name="getAuthors" time="2.483"/>
  <testcase classname="org.test.Authors" name="postAuthors" time="1.083"/>
  <testcase classname="org.test.Authors" name="getAuthorsByBookId" time="1.175"/>
  <testcase classname="org.test.Authors" name="getAuthorsById" time="0.994"/>
  <testcase classname="org.test.Authors" name="putAuthorsById" time="1.043"/>
  <testcase classname="org.test.Authors" name="deleteActivitiesById" time="0.947"/>
  <testcase classname="org.test.Books" name="getBooks" time="2.112"/>
  <testcase classname="org.test.Books" name="postBooks" time="1.047"/>
  <testcase classname="org.test.Books" name="getBooksById" time="0.964"/>
  <testcase classname="org.test.Books" name="putActivitiesById" time="0.96"/>
  <testcase classname="org.test.Books" name="deleteBooksById" time="1.045"/>
  <testcase classname="org.test.CoverPhotos" name="getCoverPhotos" time="1.287"/>
  <testcase classname="org.test.CoverPhotos" name="postCoverPhotos" time="0.958"/>
  <testcase classname="org.test.CoverPhotos" name="getCoverPhotosByBookId" time="0.99"/>
  <testcase classname="org.test.CoverPhotos" name="getCoverPhotosById" time="1.012"/>
  <testcase classname="org.test.CoverPhotos" name="putCoverPhotosById" time="1.044"/>
  <testcase classname="org.test.CoverPhotos" name="deleteCoverPhotosById" time="1.028"/>
  <testcase classname="org.test.Users" name="getUsers" time="1.034"/>
  <testcase classname="org.test.Users" name="postUsers" time="1.133"/>
  <testcase classname="org.test.Users" name="getUsersById" time="1.031"/>
  <testcase classname="org.test.Users" name="putUsersById" time="1.094"/>
  <testcase classname="org.test.Users" name="deleteUsersById" time="0.911"/>
</testsuite> <!-- Test -->
