<?xml version="1.0" encoding="UTF-8"?>
<testng-results ignored="0" total="11" passed="11" failed="0" skipped="0">
  <reporter-output>
  </reporter-output>
  <suite started-at="2023-05-29T14:54:14 IST" name="Suite" finished-at="2023-05-29T14:54:38 IST" duration-ms="23102">
    <groups>
    </groups>
    <test started-at="2023-05-29T14:54:14 IST" name="Test" finished-at="2023-05-29T14:54:38 IST" duration-ms="23102">
      <class name="org.test.Authors">
        <test-method is-config="true" signature="beforeMethod()[pri:0, instance:org.test.Authors@515aebb0]" started-at="2023-05-29T14:54:30 IST" name="beforeMethod" finished-at="2023-05-29T14:54:30 IST" duration-ms="1" status="PASS">
          <reporter-output>
          </reporter-output>
        </test-method> <!-- beforeMethod -->
        <test-method signature="getAuthors()[pri:0, instance:org.test.Authors@515aebb0]" started-at="2023-05-29T14:54:30 IST" name="getAuthors" finished-at="2023-05-29T14:54:33 IST" duration-ms="2202" status="PASS">
          <reporter-output>
          </reporter-output>
        </test-method> <!-- getAuthors -->
        <test-method is-config="true" signature="beforeMethod()[pri:0, instance:org.test.Authors@515aebb0]" started-at="2023-05-29T14:54:33 IST" name="beforeMethod" finished-at="2023-05-29T14:54:33 IST" duration-ms="2" status="PASS">
          <reporter-output>
          </reporter-output>
        </test-method> <!-- beforeMethod -->
        <test-method signature="postAuthors()[pri:1, instance:org.test.Authors@515aebb0]" started-at="2023-05-29T14:54:33 IST" name="postAuthors" finished-at="2023-05-29T14:54:34 IST" duration-ms="996" status="PASS">
          <reporter-output>
          </reporter-output>
        </test-method> <!-- postAuthors -->
        <test-method is-config="true" signature="beforeMethod()[pri:0, instance:org.test.Authors@515aebb0]" started-at="2023-05-29T14:54:34 IST" name="beforeMethod" finished-at="2023-05-29T14:54:34 IST" duration-ms="1" status="PASS">
          <reporter-output>
          </reporter-output>
        </test-method> <!-- beforeMethod -->
        <test-method signature="getAuthorsByBookId()[pri:2, instance:org.test.Authors@515aebb0]" started-at="2023-05-29T14:54:34 IST" name="getAuthorsByBookId" finished-at="2023-05-29T14:54:35 IST" duration-ms="965" status="PASS">
          <reporter-output>
          </reporter-output>
        </test-method> <!-- getAuthorsByBookId -->
        <test-method is-config="true" signature="beforeMethod()[pri:0, instance:org.test.Authors@515aebb0]" started-at="2023-05-29T14:54:35 IST" name="beforeMethod" finished-at="2023-05-29T14:54:35 IST" duration-ms="14" status="PASS">
          <reporter-output>
          </reporter-output>
        </test-method> <!-- beforeMethod -->
        <test-method signature="getAuthorsById()[pri:3, instance:org.test.Authors@515aebb0]" started-at="2023-05-29T14:54:35 IST" name="getAuthorsById" finished-at="2023-05-29T14:54:36 IST" duration-ms="979" status="PASS">
          <reporter-output>
          </reporter-output>
        </test-method> <!-- getAuthorsById -->
        <test-method is-config="true" signature="beforeMethod()[pri:0, instance:org.test.Authors@515aebb0]" started-at="2023-05-29T14:54:36 IST" name="beforeMethod" finished-at="2023-05-29T14:54:36 IST" duration-ms="1" status="PASS">
          <reporter-output>
          </reporter-output>
        </test-method> <!-- beforeMethod -->
        <test-method signature="putAuthorsById()[pri:4, instance:org.test.Authors@515aebb0]" started-at="2023-05-29T14:54:36 IST" name="putAuthorsById" finished-at="2023-05-29T14:54:37 IST" duration-ms="989" status="PASS">
          <reporter-output>
          </reporter-output>
        </test-method> <!-- putAuthorsById -->
        <test-method is-config="true" signature="beforeMethod()[pri:0, instance:org.test.Authors@515aebb0]" started-at="2023-05-29T14:54:37 IST" name="beforeMethod" finished-at="2023-05-29T14:54:37 IST" duration-ms="2" status="PASS">
          <reporter-output>
          </reporter-output>
        </test-method> <!-- beforeMethod -->
        <test-method signature="deleteActivitiesById()[pri:5, instance:org.test.Authors@515aebb0]" started-at="2023-05-29T14:54:37 IST" name="deleteActivitiesById" finished-at="2023-05-29T14:54:38 IST" duration-ms="1018" status="PASS">
          <reporter-output>
          </reporter-output>
        </test-method> <!-- deleteActivitiesById -->
      </class> <!-- org.test.Authors -->
      <class name="org.test.Activities">
        <test-method is-config="true" signature="beforeMethod()[pri:0, instance:org.test.Activities@1a451d4d]" started-at="2023-05-29T14:54:15 IST" name="beforeMethod" finished-at="2023-05-29T14:54:15 IST" duration-ms="729" status="PASS">
          <reporter-output>
          </reporter-output>
        </test-method> <!-- beforeMethod -->
        <test-method signature="getActivities()[pri:0, instance:org.test.Activities@1a451d4d]" started-at="2023-05-29T14:54:15 IST" name="getActivities" finished-at="2023-05-29T14:54:25 IST" duration-ms="10172" status="PASS">
          <reporter-output>
          </reporter-output>
        </test-method> <!-- getActivities -->
        <test-method is-config="true" signature="beforeMethod()[pri:0, instance:org.test.Activities@1a451d4d]" started-at="2023-05-29T14:54:26 IST" name="beforeMethod" finished-at="2023-05-29T14:54:26 IST" duration-ms="5" status="PASS">
          <reporter-output>
          </reporter-output>
        </test-method> <!-- beforeMethod -->
        <test-method signature="postActivities()[pri:1, instance:org.test.Activities@1a451d4d]" started-at="2023-05-29T14:54:26 IST" name="postActivities" finished-at="2023-05-29T14:54:27 IST" duration-ms="1520" status="PASS">
          <reporter-output>
          </reporter-output>
        </test-method> <!-- postActivities -->
        <test-method is-config="true" signature="beforeMethod()[pri:0, instance:org.test.Activities@1a451d4d]" started-at="2023-05-29T14:54:27 IST" name="beforeMethod" finished-at="2023-05-29T14:54:27 IST" duration-ms="1" status="PASS">
          <reporter-output>
          </reporter-output>
        </test-method> <!-- beforeMethod -->
        <test-method signature="getActivitiesById()[pri:2, instance:org.test.Activities@1a451d4d]" started-at="2023-05-29T14:54:27 IST" name="getActivitiesById" finished-at="2023-05-29T14:54:28 IST" duration-ms="1205" status="PASS">
          <reporter-output>
          </reporter-output>
        </test-method> <!-- getActivitiesById -->
        <test-method is-config="true" signature="beforeMethod()[pri:0, instance:org.test.Activities@1a451d4d]" started-at="2023-05-29T14:54:28 IST" name="beforeMethod" finished-at="2023-05-29T14:54:28 IST" duration-ms="8" status="PASS">
          <reporter-output>
          </reporter-output>
        </test-method> <!-- beforeMethod -->
        <test-method signature="putActivitiesById()[pri:3, instance:org.test.Activities@1a451d4d]" started-at="2023-05-29T14:54:28 IST" name="putActivitiesById" finished-at="2023-05-29T14:54:29 IST" duration-ms="1007" status="PASS">
          <reporter-output>
          </reporter-output>
        </test-method> <!-- putActivitiesById -->
        <test-method is-config="true" signature="beforeMethod()[pri:0, instance:org.test.Activities@1a451d4d]" started-at="2023-05-29T14:54:29 IST" name="beforeMethod" finished-at="2023-05-29T14:54:29 IST" duration-ms="1" status="PASS">
          <reporter-output>
          </reporter-output>
        </test-method> <!-- beforeMethod -->
        <test-method signature="deleteActivitiesById()[pri:4, instance:org.test.Activities@1a451d4d]" started-at="2023-05-29T14:54:29 IST" name="deleteActivitiesById" finished-at="2023-05-29T14:54:30 IST" duration-ms="1018" status="PASS">
          <reporter-output>
          </reporter-output>
        </test-method> <!-- deleteActivitiesById -->
      </class> <!-- org.test.Activities -->
    </test> <!-- Test -->
  </suite> <!-- Suite -->
</testng-results>
