<?xml version="1.0" encoding="UTF-8"?>
<testng-results ignored="0" total="27" passed="27" failed="0" skipped="0">
  <reporter-output>
  </reporter-output>
  <suite started-at="2023-05-30T16:31:59 IST" name="Suite" finished-at="2023-05-30T16:32:43 IST" duration-ms="43868">
    <groups>
    </groups>
    <test started-at="2023-05-30T16:31:59 IST" name="Test" finished-at="2023-05-30T16:32:43 IST" duration-ms="43868">
      <class name="org.test.CoverPhotos">
        <test-method is-config="true" signature="beforeMethod()[pri:0, instance:org.test.CoverPhotos@1a482e36]" started-at="2023-05-30T16:32:31 IST" name="beforeMethod" finished-at="2023-05-30T16:32:31 IST" duration-ms="0" status="PASS">
          <reporter-output>
          </reporter-output>
        </test-method> <!-- beforeMethod -->
        <test-method signature="getCoverPhotos()[pri:0, instance:org.test.CoverPhotos@1a482e36]" started-at="2023-05-30T16:32:31 IST" name="getCoverPhotos" finished-at="2023-05-30T16:32:32 IST" duration-ms="1287" status="PASS">
          <reporter-output>
          </reporter-output>
        </test-method> <!-- getCoverPhotos -->
        <test-method is-config="true" signature="beforeMethod()[pri:0, instance:org.test.CoverPhotos@1a482e36]" started-at="2023-05-30T16:32:32 IST" name="beforeMethod" finished-at="2023-05-30T16:32:32 IST" duration-ms="1" status="PASS">
          <reporter-output>
          </reporter-output>
        </test-method> <!-- beforeMethod -->
        <test-method signature="postCoverPhotos()[pri:1, instance:org.test.CoverPhotos@1a482e36]" started-at="2023-05-30T16:32:32 IST" name="postCoverPhotos" finished-at="2023-05-30T16:32:33 IST" duration-ms="958" status="PASS">
          <reporter-output>
          </reporter-output>
        </test-method> <!-- postCoverPhotos -->
        <test-method is-config="true" signature="beforeMethod()[pri:0, instance:org.test.CoverPhotos@1a482e36]" started-at="2023-05-30T16:32:33 IST" name="beforeMethod" finished-at="2023-05-30T16:32:33 IST" duration-ms="3" status="PASS">
          <reporter-output>
          </reporter-output>
        </test-method> <!-- beforeMethod -->
        <test-method signature="getCoverPhotosByBookId()[pri:2, instance:org.test.CoverPhotos@1a482e36]" started-at="2023-05-30T16:32:33 IST" name="getCoverPhotosByBookId" finished-at="2023-05-30T16:32:34 IST" duration-ms="990" status="PASS">
          <reporter-output>
          </reporter-output>
        </test-method> <!-- getCoverPhotosByBookId -->
        <test-method is-config="true" signature="beforeMethod()[pri:0, instance:org.test.CoverPhotos@1a482e36]" started-at="2023-05-30T16:32:34 IST" name="beforeMethod" finished-at="2023-05-30T16:32:34 IST" duration-ms="2" status="PASS">
          <reporter-output>
          </reporter-output>
        </test-method> <!-- beforeMethod -->
        <test-method signature="getCoverPhotosById()[pri:3, instance:org.test.CoverPhotos@1a482e36]" started-at="2023-05-30T16:32:34 IST" name="getCoverPhotosById" finished-at="2023-05-30T16:32:35 IST" duration-ms="1012" status="PASS">
          <reporter-output>
          </reporter-output>
        </test-method> <!-- getCoverPhotosById -->
        <test-method is-config="true" signature="beforeMethod()[pri:0, instance:org.test.CoverPhotos@1a482e36]" started-at="2023-05-30T16:32:35 IST" name="beforeMethod" finished-at="2023-05-30T16:32:35 IST" duration-ms="0" status="PASS">
          <reporter-output>
          </reporter-output>
        </test-method> <!-- beforeMethod -->
        <test-method signature="putCoverPhotosById()[pri:4, instance:org.test.CoverPhotos@1a482e36]" started-at="2023-05-30T16:32:35 IST" name="putCoverPhotosById" finished-at="2023-05-30T16:32:36 IST" duration-ms="1044" status="PASS">
          <reporter-output>
          </reporter-output>
        </test-method> <!-- putCoverPhotosById -->
        <test-method is-config="true" signature="beforeMethod()[pri:0, instance:org.test.CoverPhotos@1a482e36]" started-at="2023-05-30T16:32:37 IST" name="beforeMethod" finished-at="2023-05-30T16:32:37 IST" duration-ms="1" status="PASS">
          <reporter-output>
          </reporter-output>
        </test-method> <!-- beforeMethod -->
        <test-method signature="deleteCoverPhotosById()[pri:5, instance:org.test.CoverPhotos@1a482e36]" started-at="2023-05-30T16:32:37 IST" name="deleteCoverPhotosById" finished-at="2023-05-30T16:32:38 IST" duration-ms="1028" status="PASS">
          <reporter-output>
          </reporter-output>
        </test-method> <!-- deleteCoverPhotosById -->
      </class> <!-- org.test.CoverPhotos -->
      <class name="org.test.Books">
        <test-method is-config="true" signature="beforeMethod()[pri:0, instance:org.test.Books@67c27493]" started-at="2023-05-30T16:32:25 IST" name="beforeMethod" finished-at="2023-05-30T16:32:25 IST" duration-ms="1" status="PASS">
          <reporter-output>
          </reporter-output>
        </test-method> <!-- beforeMethod -->
        <test-method signature="getBooks()[pri:0, instance:org.test.Books@67c27493]" started-at="2023-05-30T16:32:25 IST" name="getBooks" finished-at="2023-05-30T16:32:27 IST" duration-ms="2112" status="PASS">
          <reporter-output>
          </reporter-output>
        </test-method> <!-- getBooks -->
        <test-method signature="postBooks()[pri:1, instance:org.test.Books@67c27493]" started-at="2023-05-30T16:32:27 IST" name="postBooks" finished-at="2023-05-30T16:32:28 IST" duration-ms="1047" status="PASS">
          <reporter-output>
          </reporter-output>
        </test-method> <!-- postBooks -->
        <test-method is-config="true" signature="beforeMethod()[pri:0, instance:org.test.Books@67c27493]" started-at="2023-05-30T16:32:27 IST" name="beforeMethod" finished-at="2023-05-30T16:32:27 IST" duration-ms="0" status="PASS">
          <reporter-output>
          </reporter-output>
        </test-method> <!-- beforeMethod -->
        <test-method is-config="true" signature="beforeMethod()[pri:0, instance:org.test.Books@67c27493]" started-at="2023-05-30T16:32:28 IST" name="beforeMethod" finished-at="2023-05-30T16:32:28 IST" duration-ms="2" status="PASS">
          <reporter-output>
          </reporter-output>
        </test-method> <!-- beforeMethod -->
        <test-method signature="getBooksById()[pri:2, instance:org.test.Books@67c27493]" started-at="2023-05-30T16:32:28 IST" name="getBooksById" finished-at="2023-05-30T16:32:29 IST" duration-ms="964" status="PASS">
          <reporter-output>
          </reporter-output>
        </test-method> <!-- getBooksById -->
        <test-method is-config="true" signature="beforeMethod()[pri:0, instance:org.test.Books@67c27493]" started-at="2023-05-30T16:32:29 IST" name="beforeMethod" finished-at="2023-05-30T16:32:29 IST" duration-ms="3" status="PASS">
          <reporter-output>
          </reporter-output>
        </test-method> <!-- beforeMethod -->
        <test-method signature="putActivitiesById()[pri:3, instance:org.test.Books@67c27493]" started-at="2023-05-30T16:32:29 IST" name="putActivitiesById" finished-at="2023-05-30T16:32:30 IST" duration-ms="960" status="PASS">
          <reporter-output>
          </reporter-output>
        </test-method> <!-- putActivitiesById -->
        <test-method is-config="true" signature="beforeMethod()[pri:0, instance:org.test.Books@67c27493]" started-at="2023-05-30T16:32:30 IST" name="beforeMethod" finished-at="2023-05-30T16:32:30 IST" duration-ms="24" status="PASS">
          <reporter-output>
          </reporter-output>
        </test-method> <!-- beforeMethod -->
        <test-method signature="deleteBooksById()[pri:4, instance:org.test.Books@67c27493]" started-at="2023-05-30T16:32:30 IST" name="deleteBooksById" finished-at="2023-05-30T16:32:31 IST" duration-ms="1045" status="PASS">
          <reporter-output>
          </reporter-output>
        </test-method> <!-- deleteBooksById -->
      </class> <!-- org.test.Books -->
      <class name="org.test.Authors">
        <test-method is-config="true" signature="beforeMethod()[pri:0, instance:org.test.Authors@77fbd92c]" started-at="2023-05-30T16:32:17 IST" name="beforeMethod" finished-at="2023-05-30T16:32:17 IST" duration-ms="15" status="PASS">
          <reporter-output>
          </reporter-output>
        </test-method> <!-- beforeMethod -->
        <test-method signature="getAuthors()[pri:0, instance:org.test.Authors@77fbd92c]" started-at="2023-05-30T16:32:17 IST" name="getAuthors" finished-at="2023-05-30T16:32:20 IST" duration-ms="2483" status="PASS">
          <reporter-output>
          </reporter-output>
        </test-method> <!-- getAuthors -->
        <test-method is-config="true" signature="beforeMethod()[pri:0, instance:org.test.Authors@77fbd92c]" started-at="2023-05-30T16:32:20 IST" name="beforeMethod" finished-at="2023-05-30T16:32:20 IST" duration-ms="1" status="PASS">
          <reporter-output>
          </reporter-output>
        </test-method> <!-- beforeMethod -->
        <test-method signature="postAuthors()[pri:1, instance:org.test.Authors@77fbd92c]" started-at="2023-05-30T16:32:20 IST" name="postAuthors" finished-at="2023-05-30T16:32:21 IST" duration-ms="1083" status="PASS">
          <reporter-output>
          </reporter-output>
        </test-method> <!-- postAuthors -->
        <test-method is-config="true" signature="beforeMethod()[pri:0, instance:org.test.Authors@77fbd92c]" started-at="2023-05-30T16:32:21 IST" name="beforeMethod" finished-at="2023-05-30T16:32:21 IST" duration-ms="4" status="PASS">
          <reporter-output>
          </reporter-output>
        </test-method> <!-- beforeMethod -->
        <test-method signature="getAuthorsByBookId()[pri:2, instance:org.test.Authors@77fbd92c]" started-at="2023-05-30T16:32:21 IST" name="getAuthorsByBookId" finished-at="2023-05-30T16:32:22 IST" duration-ms="1175" status="PASS">
          <reporter-output>
          </reporter-output>
        </test-method> <!-- getAuthorsByBookId -->
        <test-method is-config="true" signature="beforeMethod()[pri:0, instance:org.test.Authors@77fbd92c]" started-at="2023-05-30T16:32:22 IST" name="beforeMethod" finished-at="2023-05-30T16:32:22 IST" duration-ms="1" status="PASS">
          <reporter-output>
          </reporter-output>
        </test-method> <!-- beforeMethod -->
        <test-method signature="getAuthorsById()[pri:3, instance:org.test.Authors@77fbd92c]" started-at="2023-05-30T16:32:22 IST" name="getAuthorsById" finished-at="2023-05-30T16:32:23 IST" duration-ms="994" status="PASS">
          <reporter-output>
          </reporter-output>
        </test-method> <!-- getAuthorsById -->
        <test-method is-config="true" signature="beforeMethod()[pri:0, instance:org.test.Authors@77fbd92c]" started-at="2023-05-30T16:32:23 IST" name="beforeMethod" finished-at="2023-05-30T16:32:23 IST" duration-ms="1" status="PASS">
          <reporter-output>
          </reporter-output>
        </test-method> <!-- beforeMethod -->
        <test-method signature="putAuthorsById()[pri:4, instance:org.test.Authors@77fbd92c]" started-at="2023-05-30T16:32:23 IST" name="putAuthorsById" finished-at="2023-05-30T16:32:24 IST" duration-ms="1043" status="PASS">
          <reporter-output>
          </reporter-output>
        </test-method> <!-- putAuthorsById -->
        <test-method is-config="true" signature="beforeMethod()[pri:0, instance:org.test.Authors@77fbd92c]" started-at="2023-05-30T16:32:24 IST" name="beforeMethod" finished-at="2023-05-30T16:32:24 IST" duration-ms="1" status="PASS">
          <reporter-output>
          </reporter-output>
        </test-method> <!-- beforeMethod -->
        <test-method signature="deleteActivitiesById()[pri:5, instance:org.test.Authors@77fbd92c]" started-at="2023-05-30T16:32:24 IST" name="deleteActivitiesById" finished-at="2023-05-30T16:32:25 IST" duration-ms="947" status="PASS">
          <reporter-output>
          </reporter-output>
        </test-method> <!-- deleteActivitiesById -->
      </class> <!-- org.test.Authors -->
      <class name="org.test.Activities">
        <test-method is-config="true" signature="beforeMethod()[pri:0, instance:org.test.Activities@2a798d51]" started-at="2023-05-30T16:31:59 IST" name="beforeMethod" finished-at="2023-05-30T16:32:00 IST" duration-ms="1238" status="PASS">
          <reporter-output>
          </reporter-output>
        </test-method> <!-- beforeMethod -->
        <test-method signature="getActivities()[pri:0, instance:org.test.Activities@2a798d51]" started-at="2023-05-30T16:32:00 IST" name="getActivities" finished-at="2023-05-30T16:32:13 IST" duration-ms="12345" status="PASS">
          <reporter-output>
          </reporter-output>
        </test-method> <!-- getActivities -->
        <test-method is-config="true" signature="beforeMethod()[pri:0, instance:org.test.Activities@2a798d51]" started-at="2023-05-30T16:32:13 IST" name="beforeMethod" finished-at="2023-05-30T16:32:13 IST" duration-ms="3" status="PASS">
          <reporter-output>
          </reporter-output>
        </test-method> <!-- beforeMethod -->
        <test-method signature="postActivities()[pri:1, instance:org.test.Activities@2a798d51]" started-at="2023-05-30T16:32:13 IST" name="postActivities" finished-at="2023-05-30T16:32:14 IST" duration-ms="1208" status="PASS">
          <reporter-output>
          </reporter-output>
        </test-method> <!-- postActivities -->
        <test-method is-config="true" signature="beforeMethod()[pri:0, instance:org.test.Activities@2a798d51]" started-at="2023-05-30T16:32:14 IST" name="beforeMethod" finished-at="2023-05-30T16:32:14 IST" duration-ms="1" status="PASS">
          <reporter-output>
          </reporter-output>
        </test-method> <!-- beforeMethod -->
        <test-method signature="getActivitiesById()[pri:2, instance:org.test.Activities@2a798d51]" started-at="2023-05-30T16:32:14 IST" name="getActivitiesById" finished-at="2023-05-30T16:32:15 IST" duration-ms="998" status="PASS">
          <reporter-output>
          </reporter-output>
        </test-method> <!-- getActivitiesById -->
        <test-method is-config="true" signature="beforeMethod()[pri:0, instance:org.test.Activities@2a798d51]" started-at="2023-05-30T16:32:15 IST" name="beforeMethod" finished-at="2023-05-30T16:32:15 IST" duration-ms="6" status="PASS">
          <reporter-output>
          </reporter-output>
        </test-method> <!-- beforeMethod -->
        <test-method signature="putActivitiesById()[pri:3, instance:org.test.Activities@2a798d51]" started-at="2023-05-30T16:32:15 IST" name="putActivitiesById" finished-at="2023-05-30T16:32:16 IST" duration-ms="1000" status="PASS">
          <reporter-output>
          </reporter-output>
        </test-method> <!-- putActivitiesById -->
        <test-method is-config="true" signature="beforeMethod()[pri:0, instance:org.test.Activities@2a798d51]" started-at="2023-05-30T16:32:16 IST" name="beforeMethod" finished-at="2023-05-30T16:32:16 IST" duration-ms="0" status="PASS">
          <reporter-output>
          </reporter-output>
        </test-method> <!-- beforeMethod -->
        <test-method signature="deleteActivitiesById()[pri:4, instance:org.test.Activities@2a798d51]" started-at="2023-05-30T16:32:16 IST" name="deleteActivitiesById" finished-at="2023-05-30T16:32:17 IST" duration-ms="939" status="PASS">
          <reporter-output>
          </reporter-output>
        </test-method> <!-- deleteActivitiesById -->
      </class> <!-- org.test.Activities -->
      <class name="org.test.Users">
        <test-method is-config="true" signature="beforeMethod()[pri:0, instance:org.test.Users@72967906]" started-at="2023-05-30T16:32:38 IST" name="beforeMethod" finished-at="2023-05-30T16:32:38 IST" duration-ms="1" status="PASS">
          <reporter-output>
          </reporter-output>
        </test-method> <!-- beforeMethod -->
        <test-method signature="getUsers()[pri:0, instance:org.test.Users@72967906]" started-at="2023-05-30T16:32:38 IST" name="getUsers" finished-at="2023-05-30T16:32:39 IST" duration-ms="1034" status="PASS">
          <reporter-output>
          </reporter-output>
        </test-method> <!-- getUsers -->
        <test-method signature="postUsers()[pri:1, instance:org.test.Users@72967906]" started-at="2023-05-30T16:32:39 IST" name="postUsers" finished-at="2023-05-30T16:32:40 IST" duration-ms="1133" status="PASS">
          <reporter-output>
          </reporter-output>
        </test-method> <!-- postUsers -->
        <test-method is-config="true" signature="beforeMethod()[pri:0, instance:org.test.Users@72967906]" started-at="2023-05-30T16:32:39 IST" name="beforeMethod" finished-at="2023-05-30T16:32:39 IST" duration-ms="0" status="PASS">
          <reporter-output>
          </reporter-output>
        </test-method> <!-- beforeMethod -->
        <test-method is-config="true" signature="beforeMethod()[pri:0, instance:org.test.Users@72967906]" started-at="2023-05-30T16:32:40 IST" name="beforeMethod" finished-at="2023-05-30T16:32:40 IST" duration-ms="2" status="PASS">
          <reporter-output>
          </reporter-output>
        </test-method> <!-- beforeMethod -->
        <test-method signature="getUsersById()[pri:2, instance:org.test.Users@72967906]" started-at="2023-05-30T16:32:40 IST" name="getUsersById" finished-at="2023-05-30T16:32:41 IST" duration-ms="1031" status="PASS">
          <reporter-output>
          </reporter-output>
        </test-method> <!-- getUsersById -->
        <test-method signature="putUsersById()[pri:3, instance:org.test.Users@72967906]" started-at="2023-05-30T16:32:41 IST" name="putUsersById" finished-at="2023-05-30T16:32:42 IST" duration-ms="1094" status="PASS">
          <reporter-output>
          </reporter-output>
        </test-method> <!-- putUsersById -->
        <test-method is-config="true" signature="beforeMethod()[pri:0, instance:org.test.Users@72967906]" started-at="2023-05-30T16:32:41 IST" name="beforeMethod" finished-at="2023-05-30T16:32:41 IST" duration-ms="0" status="PASS">
          <reporter-output>
          </reporter-output>
        </test-method> <!-- beforeMethod -->
        <test-method is-config="true" signature="beforeMethod()[pri:0, instance:org.test.Users@72967906]" started-at="2023-05-30T16:32:42 IST" name="beforeMethod" finished-at="2023-05-30T16:32:42 IST" duration-ms="1" status="PASS">
          <reporter-output>
          </reporter-output>
        </test-method> <!-- beforeMethod -->
        <test-method signature="deleteUsersById()[pri:4, instance:org.test.Users@72967906]" started-at="2023-05-30T16:32:42 IST" name="deleteUsersById" finished-at="2023-05-30T16:32:43 IST" duration-ms="911" status="PASS">
          <reporter-output>
          </reporter-output>
        </test-method> <!-- deleteUsersById -->
      </class> <!-- org.test.Users -->
    </test> <!-- Test -->
  </suite> <!-- Suite -->
</testng-results>
